#-----------------------------------------------------------
# Vivado v2023.2 (64-bit)
# SW Build 4029153 on Fri Oct 13 20:13:54 MDT 2023
# IP Build 4028589 on Sat Oct 14 00:45:43 MDT 2023
# SharedData Build 4025554 on Tue Oct 10 17:18:54 MDT 2023
# Start of session at: Tue Mar 26 13:51:43 2024
# Process ID: 13922
# Current directory: /home/haka/pulpissimo
# Command line: vivado -mode tcl
# Log file: /home/haka/pulpissimo/vivado.log
# Journal file: /home/haka/pulpissimo/vivado.jou
# Running On: fpga-server, OS: Linux, CPU Frequency: 3251.032 MHz, CPU Physical cores: 21, Host memory: 540533 MB
#-----------------------------------------------------------
xhub::refresh_catalog [xhub::get_xstores xilinx_board_store]
xhub::refresh_catalog: Time (s): cpu = 00:00:05 ; elapsed = 00:00:21 . Memory (MB): peak = 1262.781 ; gain = 0.000 ; free physical = 292622 ; free virtual = 363662
xhub::install [xhub::get_xitems]
INFO: [xhubtcl 76-61] The object 'xilinx.com:xilinx_board_store:ac701:1.4' is already installed, to update use xhub::update command.
INFO: [xhubtcl 76-61] The object 'xilinx.com:xilinx_board_store:k24c:1.0' is already installed, to update use xhub::update command.
INFO: [xhubtcl 76-61] The object 'xilinx.com:xilinx_board_store:k24i:1.0' is already installed, to update use xhub::update command.
INFO: [xhubtcl 76-61] The object 'xilinx.com:xilinx_board_store:k26c:1.2' is already installed, to update use xhub::update command.
INFO: [xhubtcl 76-61] The object 'xilinx.com:xilinx_board_store:k26c:1.3' is already installed, to update use xhub::update command.
INFO: [xhubtcl 76-61] The object 'xilinx.com:xilinx_board_store:k26c:1.4' is already installed, to update use xhub::update command.
INFO: [xhubtcl 76-61] The object 'xilinx.com:xilinx_board_store:k26i:1.2' is already installed, to update use xhub::update command.
INFO: [xhubtcl 76-61] The object 'xilinx.com:xilinx_board_store:k26i:1.3' is already installed, to update use xhub::update command.
INFO: [xhubtcl 76-61] The object 'xilinx.com:xilinx_board_store:k26i:1.4' is already installed, to update use xhub::update command.
INFO: [xhubtcl 76-61] The object 'xilinx.com:xilinx_board_store:kc705:1.6' is already installed, to update use xhub::update command.
INFO: [xhubtcl 76-61] The object 'xilinx.com:xilinx_board_store:kcu105:1.6' is already installed, to update use xhub::update command.
INFO: [xhubtcl 76-61] The object 'xilinx.com:xilinx_board_store:kcu105:1.7' is already installed, to update use xhub::update command.
INFO: [xhubtcl 76-61] The object 'xilinx.com:xilinx_board_store:kcu116:1.4' is already installed, to update use xhub::update command.
INFO: [xhubtcl 76-61] The object 'xilinx.com:xilinx_board_store:kcu116:1.5' is already installed, to update use xhub::update command.
INFO: [xhubtcl 76-61] The object 'xilinx.com:xilinx_board_store:kcu1500:1.2' is already installed, to update use xhub::update command.
INFO: [xhubtcl 76-61] The object 'xilinx.com:xilinx_board_store:kd240_carrier:1.0' is already installed, to update use xhub::update command.
INFO: [xhubtcl 76-61] The object 'xilinx.com:xilinx_board_store:kd240_som:1.0' is already installed, to update use xhub::update command.
INFO: [xhubtcl 76-61] The object 'xilinx.com:xilinx_board_store:kr260:1.0' is already installed, to update use xhub::update command.
INFO: [xhubtcl 76-61] The object 'xilinx.com:xilinx_board_store:kr260_som:1.0' is already installed, to update use xhub::update command.
INFO: [xhubtcl 76-61] The object 'xilinx.com:xilinx_board_store:kr260_som:1.1' is already installed, to update use xhub::update command.
INFO: [xhubtcl 76-61] The object 'xilinx.com:xilinx_board_store:kv260_carrier:1.2' is already installed, to update use xhub::update command.
INFO: [xhubtcl 76-61] The object 'xilinx.com:xilinx_board_store:kv260_carrier:1.3' is already installed, to update use xhub::update command.
INFO: [xhubtcl 76-61] The object 'xilinx.com:xilinx_board_store:kv260_som:1.2' is already installed, to update use xhub::update command.
INFO: [xhubtcl 76-61] The object 'xilinx.com:xilinx_board_store:kv260_som:1.3' is already installed, to update use xhub::update command.
INFO: [xhubtcl 76-61] The object 'xilinx.com:xilinx_board_store:kv260_som:1.4' is already installed, to update use xhub::update command.
INFO: [xhubtcl 76-61] The object 'Leopardimaging:xilinx_board_store:LI-IMX274MIPI-FMC-Versal:1.0' is already installed, to update use xhub::update command.
INFO: [xhubtcl 76-61] The object 'Leopardimaging:xilinx_board_store:LI-IMX274MIPI-FMC:1.0' is already installed, to update use xhub::update command.
INFO: [xhubtcl 76-61] The object 'xilinx.com:xilinx_board_store:sp701:1.0' is already installed, to update use xhub::update command.
INFO: [xhubtcl 76-61] The object 'xilinx.com:xilinx_board_store:sp701:1.1' is already installed, to update use xhub::update command.
INFO: [xhubtcl 76-61] The object 'xilinx.com:xilinx_board_store:vc707:1.4' is already installed, to update use xhub::update command.
INFO: [xhubtcl 76-61] The object 'xilinx.com:xilinx_board_store:vc709:1.8' is already installed, to update use xhub::update command.
INFO: [xhubtcl 76-61] The object 'xilinx.com:xilinx_board_store:vck190:2.2' is already installed, to update use xhub::update command.
INFO: [xhubtcl 76-61] The object 'xilinx.com:xilinx_board_store:vck190:3.0' is already installed, to update use xhub::update command.
INFO: [xhubtcl 76-61] The object 'xilinx.com:xilinx_board_store:vck190:3.1' is already installed, to update use xhub::update command.
INFO: [xhubtcl 76-61] The object 'xilinx.com:xilinx_board_store:vck190:3.2' is already installed, to update use xhub::update command.
INFO: [xhubtcl 76-61] The object 'xilinx.com:xilinx_board_store:vck190_newl:1.0' is already installed, to update use xhub::update command.
INFO: [xhubtcl 76-61] The object 'xilinx.com:xilinx_board_store:vck190_newl:1.1' is already installed, to update use xhub::update command.
INFO: [xhubtcl 76-61] The object 'xilinx.com:xilinx_board_store:vcu108:1.6' is already installed, to update use xhub::update command.
INFO: [xhubtcl 76-61] The object 'xilinx.com:xilinx_board_store:vcu108:1.7' is already installed, to update use xhub::update command.
INFO: [xhubtcl 76-61] The object 'xilinx.com:xilinx_board_store:vcu110:1.4' is already installed, to update use xhub::update command.
INFO: [xhubtcl 76-61] The object 'xilinx.com:xilinx_board_store:vcu118:2.0' is already installed, to update use xhub::update command.
INFO: [xhubtcl 76-61] The object 'xilinx.com:xilinx_board_store:vcu118:2.3' is already installed, to update use xhub::update command.
INFO: [xhubtcl 76-61] The object 'xilinx.com:xilinx_board_store:vcu118:2.4' is already installed, to update use xhub::update command.
INFO: [xhubtcl 76-61] The object 'xilinx.com:xilinx_board_store:vcu128:1.0' is already installed, to update use xhub::update command.
INFO: [xhubtcl 76-61] The object 'xilinx.com:xilinx_board_store:vcu129:1.0' is already installed, to update use xhub::update command.
INFO: [xhubtcl 76-61] The object 'xilinx.com:xilinx_board_store:vcu1525:1.3' is already installed, to update use xhub::update command.
INFO: [xhubtcl 76-61] The object 'xilinx.com:xilinx_board_store:vek280_es:1.0' is already installed, to update use xhub::update command.
INFO: [xhubtcl 76-61] The object 'xilinx.com:xilinx_board_store:vek280_es:1.1' is already installed, to update use xhub::update command.
INFO: [xhubtcl 76-61] The object 'xilinx.com:xilinx_board_store:vek280_es_revb:1.0' is already installed, to update use xhub::update command.
INFO: [xhubtcl 76-61] The object 'xilinx.com:xilinx_board_store:vek280_es_revb:1.1' is already installed, to update use xhub::update command.
INFO: [xhubtcl 76-61] The object 'xilinx.com:xilinx_board_store:vek280:1.1' is already installed, to update use xhub::update command.
INFO: [xhubtcl 76-61] The object 'xilinx.com:xilinx_board_store:vermeo_t1_mpsoc:1.0' is already installed, to update use xhub::update command.
INFO: [xhubtcl 76-61] The object 'xilinx.com:xilinx_board_store:vermeo_t1_rfsoc:1.0' is already installed, to update use xhub::update command.
INFO: [xhubtcl 76-61] The object 'xilinx.com:xilinx_board_store:vhk158_es:3.0' is already installed, to update use xhub::update command.
INFO: [xhubtcl 76-61] The object 'xilinx.com:xilinx_board_store:vhk158_es:1.1' is already installed, to update use xhub::update command.
INFO: [xhubtcl 76-61] The object 'xilinx.com:xilinx_board_store:vhk158:1.0' is already installed, to update use xhub::update command.
INFO: [xhubtcl 76-61] The object 'xilinx.com:xilinx_board_store:vhk158:1.1' is already installed, to update use xhub::update command.
INFO: [xhubtcl 76-61] The object 'xilinx.com:xilinx_board_store:vmk180:2.2' is already installed, to update use xhub::update command.
INFO: [xhubtcl 76-61] The object 'xilinx.com:xilinx_board_store:vmk180:3.0' is already installed, to update use xhub::update command.
INFO: [xhubtcl 76-61] The object 'xilinx.com:xilinx_board_store:vmk180:3.1' is already installed, to update use xhub::update command.
INFO: [xhubtcl 76-61] The object 'xilinx.com:xilinx_board_store:vmk180:3.2' is already installed, to update use xhub::update command.
INFO: [xhubtcl 76-61] The object 'xilinx.com:xilinx_board_store:vmk180_newl:1.0' is already installed, to update use xhub::update command.
INFO: [xhubtcl 76-61] The object 'xilinx.com:xilinx_board_store:vmk180_newl:1.1' is already installed, to update use xhub::update command.
INFO: [xhubtcl 76-61] The object 'xilinx.com:xilinx_board_store:vpk120:1.0' is already installed, to update use xhub::update command.
INFO: [xhubtcl 76-61] The object 'xilinx.com:xilinx_board_store:vpk120:1.1' is already installed, to update use xhub::update command.
INFO: [xhubtcl 76-61] The object 'xilinx.com:xilinx_board_store:vpk120:1.2' is already installed, to update use xhub::update command.
INFO: [xhubtcl 76-61] The object 'xilinx.com:xilinx_board_store:vpk180:1.0' is already installed, to update use xhub::update command.
INFO: [xhubtcl 76-61] The object 'xilinx.com:xilinx_board_store:vpk180:1.1' is already installed, to update use xhub::update command.
INFO: [xhubtcl 76-61] The object 'xilinx.com:xilinx_board_store:xm105:1.0' is already installed, to update use xhub::update command.
INFO: [xhubtcl 76-61] The object 'xilinx.com:xilinx_board_store:zc702:1.4' is already installed, to update use xhub::update command.
INFO: [xhubtcl 76-61] The object 'xilinx.com:xilinx_board_store:ZC706:1.4' is already installed, to update use xhub::update command.
INFO: [xhubtcl 76-61] The object 'xilinx.com:xilinx_board_store:zcu102:3.3' is already installed, to update use xhub::update command.
INFO: [xhubtcl 76-61] The object 'xilinx.com:xilinx_board_store:zcu102:3.4' is already installed, to update use xhub::update command.
INFO: [xhubtcl 76-61] The object 'xilinx.com:xilinx_board_store:zcu104:1.1' is already installed, to update use xhub::update command.
INFO: [xhubtcl 76-61] The object 'xilinx.com:xilinx_board_store:zcu106:2.4' is already installed, to update use xhub::update command.
INFO: [xhubtcl 76-61] The object 'xilinx.com:xilinx_board_store:zcu106:2.5' is already installed, to update use xhub::update command.
INFO: [xhubtcl 76-61] The object 'xilinx.com:xilinx_board_store:zcu106:2.6' is already installed, to update use xhub::update command.
INFO: [xhubtcl 76-61] The object 'xilinx.com:xilinx_board_store:zcu111:1.2' is already installed, to update use xhub::update command.
INFO: [xhubtcl 76-61] The object 'xilinx.com:xilinx_board_store:zcu111:1.3' is already installed, to update use xhub::update command.
INFO: [xhubtcl 76-61] The object 'xilinx.com:xilinx_board_store:zcu111:1.4' is already installed, to update use xhub::update command.
INFO: [xhubtcl 76-61] The object 'xilinx.com:xilinx_board_store:zcu1275:1.0' is already installed, to update use xhub::update command.
INFO: [xhubtcl 76-61] The object 'xilinx.com:xilinx_board_store:zcu1285:1.0' is already installed, to update use xhub::update command.
INFO: [xhubtcl 76-61] The object 'xilinx.com:xilinx_board_store:zcu208:2.0' is already installed, to update use xhub::update command.
INFO: [xhubtcl 76-61] The object 'xilinx.com:xilinx_board_store:zcu208ld:2.0' is already installed, to update use xhub::update command.
INFO: [xhubtcl 76-61] The object 'xilinx.com:xilinx_board_store:zcu216:2.0' is already installed, to update use xhub::update command.
INFO: [xhubtcl 76-61] The object 'xilinx.com:xilinx_board_store:zcu216ld:2.0' is already installed, to update use xhub::update command.
INFO: [xhubtcl 76-61] The object 'xilinx.com:xilinx_board_store:zcu670:2.0' is already installed, to update use xhub::update command.
INFO: [xhubtcl 76-61] The object 'xilinx.com:xilinx_board_store:zcu670ld:1.0' is already installed, to update use xhub::update command.
INFO: [xhubtcl 76-32] Installing object 'em.avnet.com:xilinx_board_store:picozed_7010_fmc2:1.2' ...
INFO: [Common 17-1570] Installing object em.avnet.com:xilinx_board_store:picozed_7010_fmc2:1.2 from remote host https://github.com/Xilinx/XilinxBoardStore.git
INFO: [Common 17-1573] Object em.avnet.com:xilinx_board_store:picozed_7010_fmc2:1.2 has been installed successfully.
INFO: [xhubtcl 76-32] Installing object 'digilentinc.com:xilinx_board_store:arty:1.1' ...
INFO: [Common 17-1570] Installing object digilentinc.com:xilinx_board_store:arty:1.1 from remote host https://github.com/Xilinx/XilinxBoardStore.git
INFO: [Common 17-1573] Object digilentinc.com:xilinx_board_store:arty:1.1 has been installed successfully.
INFO: [xhubtcl 76-32] Installing object 'digilentinc.com:xilinx_board_store:arty-a7-100:1.0' ...
INFO: [Common 17-1570] Installing object digilentinc.com:xilinx_board_store:arty-a7-100:1.0 from remote host https://github.com/Xilinx/XilinxBoardStore.git
INFO: [Common 17-1573] Object digilentinc.com:xilinx_board_store:arty-a7-100:1.0 has been installed successfully.
INFO: [xhubtcl 76-32] Installing object 'digilentinc.com:xilinx_board_store:arty-a7-35:1.0' ...
INFO: [Common 17-1570] Installing object digilentinc.com:xilinx_board_store:arty-a7-35:1.0 from remote host https://github.com/Xilinx/XilinxBoardStore.git
INFO: [Common 17-1573] Object digilentinc.com:xilinx_board_store:arty-a7-35:1.0 has been installed successfully.
INFO: [xhubtcl 76-32] Installing object 'digilentinc.com:xilinx_board_store:arty-s7-25:1.0' ...
INFO: [Common 17-1570] Installing object digilentinc.com:xilinx_board_store:arty-s7-25:1.0 from remote host https://github.com/Xilinx/XilinxBoardStore.git
INFO: [Common 17-1573] Object digilentinc.com:xilinx_board_store:arty-s7-25:1.0 has been installed successfully.
INFO: [xhubtcl 76-32] Installing object 'digilentinc.com:xilinx_board_store:arty-s7-50:1.0' ...
INFO: [Common 17-1570] Installing object digilentinc.com:xilinx_board_store:arty-s7-50:1.0 from remote host https://github.com/Xilinx/XilinxBoardStore.git
INFO: [Common 17-1573] Object digilentinc.com:xilinx_board_store:arty-s7-50:1.0 has been installed successfully.
INFO: [xhubtcl 76-32] Installing object 'digilentinc.com:xilinx_board_store:arty-z7-10:1.0' ...
INFO: [Common 17-1570] Installing object digilentinc.com:xilinx_board_store:arty-z7-10:1.0 from remote host https://github.com/Xilinx/XilinxBoardStore.git
INFO: [Common 17-1573] Object digilentinc.com:xilinx_board_store:arty-z7-10:1.0 has been installed successfully.
INFO: [xhubtcl 76-32] Installing object 'digilentinc.com:xilinx_board_store:arty-z7-20:1.0' ...
INFO: [Common 17-1570] Installing object digilentinc.com:xilinx_board_store:arty-z7-20:1.0 from remote host https://github.com/Xilinx/XilinxBoardStore.git
INFO: [Common 17-1573] Object digilentinc.com:xilinx_board_store:arty-z7-20:1.0 has been installed successfully.
INFO: [xhubtcl 76-32] Installing object 'digilentinc.com:xilinx_board_store:basys3:1.1' ...
INFO: [Common 17-1570] Installing object digilentinc.com:xilinx_board_store:basys3:1.1 from remote host https://github.com/Xilinx/XilinxBoardStore.git
INFO: [Common 17-1573] Object digilentinc.com:xilinx_board_store:basys3:1.1 has been installed successfully.
INFO: [xhubtcl 76-32] Installing object 'digilentinc.com:xilinx_board_store:cmod_a7-15t:1.1' ...
INFO: [Common 17-1570] Installing object digilentinc.com:xilinx_board_store:cmod_a7-15t:1.1 from remote host https://github.com/Xilinx/XilinxBoardStore.git
INFO: [Common 17-1573] Object digilentinc.com:xilinx_board_store:cmod_a7-15t:1.1 has been installed successfully.
INFO: [xhubtcl 76-32] Installing object 'digilentinc.com:xilinx_board_store:cmod_a7-35t:1.1' ...
INFO: [Common 17-1570] Installing object digilentinc.com:xilinx_board_store:cmod_a7-35t:1.1 from remote host https://github.com/Xilinx/XilinxBoardStore.git
INFO: [Common 17-1573] Object digilentinc.com:xilinx_board_store:cmod_a7-35t:1.1 has been installed successfully.
INFO: [xhubtcl 76-32] Installing object 'digilentinc.com:xilinx_board_store:cora-z7-07s:1.0' ...
INFO: [Common 17-1570] Installing object digilentinc.com:xilinx_board_store:cora-z7-07s:1.0 from remote host https://github.com/Xilinx/XilinxBoardStore.git
INFO: [Common 17-1573] Object digilentinc.com:xilinx_board_store:cora-z7-07s:1.0 has been installed successfully.
INFO: [xhubtcl 76-32] Installing object 'digilentinc.com:xilinx_board_store:cora-z7-10:1.0' ...
INFO: [Common 17-1570] Installing object digilentinc.com:xilinx_board_store:cora-z7-10:1.0 from remote host https://github.com/Xilinx/XilinxBoardStore.git
INFO: [Common 17-1573] Object digilentinc.com:xilinx_board_store:cora-z7-10:1.0 has been installed successfully.
INFO: [xhubtcl 76-32] Installing object 'digilentinc.com:xilinx_board_store:genesys2:1.1' ...
INFO: [Common 17-1570] Installing object digilentinc.com:xilinx_board_store:genesys2:1.1 from remote host https://github.com/Xilinx/XilinxBoardStore.git
INFO: [Common 17-1573] Object digilentinc.com:xilinx_board_store:genesys2:1.1 has been installed successfully.
INFO: [xhubtcl 76-32] Installing object 'digilentinc.com:xilinx_board_store:nexys4:1.1' ...
INFO: [Common 17-1570] Installing object digilentinc.com:xilinx_board_store:nexys4:1.1 from remote host https://github.com/Xilinx/XilinxBoardStore.git
INFO: [Common 17-1573] Object digilentinc.com:xilinx_board_store:nexys4:1.1 has been installed successfully.
INFO: [xhubtcl 76-32] Installing object 'digilentinc.com:xilinx_board_store:nexys4_ddr:1.1' ...
INFO: [Common 17-1570] Installing object digilentinc.com:xilinx_board_store:nexys4_ddr:1.1 from remote host https://github.com/Xilinx/XilinxBoardStore.git
INFO: [Common 17-1573] Object digilentinc.com:xilinx_board_store:nexys4_ddr:1.1 has been installed successfully.
INFO: [xhubtcl 76-32] Installing object 'digilentinc.com:xilinx_board_store:nexys_video:1.1' ...
INFO: [Common 17-1570] Installing object digilentinc.com:xilinx_board_store:nexys_video:1.1 from remote host https://github.com/Xilinx/XilinxBoardStore.git
INFO: [Common 17-1573] Object digilentinc.com:xilinx_board_store:nexys_video:1.1 has been installed successfully.
INFO: [xhubtcl 76-32] Installing object 'digilentinc.com:xilinx_board_store:zybo:1.0' ...
INFO: [Common 17-1570] Installing object digilentinc.com:xilinx_board_store:zybo:1.0 from remote host https://github.com/Xilinx/XilinxBoardStore.git
INFO: [Common 17-1573] Object digilentinc.com:xilinx_board_store:zybo:1.0 has been installed successfully.
INFO: [xhubtcl 76-32] Installing object 'digilentinc.com:xilinx_board_store:zybo-z7-10:1.0' ...
INFO: [Common 17-1570] Installing object digilentinc.com:xilinx_board_store:zybo-z7-10:1.0 from remote host https://github.com/Xilinx/XilinxBoardStore.git
INFO: [Common 17-1573] Object digilentinc.com:xilinx_board_store:zybo-z7-10:1.0 has been installed successfully.
INFO: [xhubtcl 76-32] Installing object 'digilentinc.com:xilinx_board_store:zybo-z7-20:1.0' ...
INFO: [Common 17-1570] Installing object digilentinc.com:xilinx_board_store:zybo-z7-20:1.0 from remote host https://github.com/Xilinx/XilinxBoardStore.git
INFO: [Common 17-1573] Object digilentinc.com:xilinx_board_store:zybo-z7-20:1.0 has been installed successfully.
INFO: [xhubtcl 76-32] Installing object 'em.avnet.com:xilinx_board_store:minized:1.2' ...
INFO: [Common 17-1570] Installing object em.avnet.com:xilinx_board_store:minized:1.2 from remote host https://github.com/Xilinx/XilinxBoardStore.git
INFO: [Common 17-1573] Object em.avnet.com:xilinx_board_store:minized:1.2 has been installed successfully.
INFO: [xhubtcl 76-32] Installing object 'trenz.biz:xilinx_board_store:te0712_100_1i:1.0' ...
INFO: [Common 17-1570] Installing object trenz.biz:xilinx_board_store:te0712_100_1i:1.0 from remote host https://github.com/Xilinx/XilinxBoardStore.git
INFO: [Common 17-1573] Object trenz.biz:xilinx_board_store:te0712_100_1i:1.0 has been installed successfully.
INFO: [xhubtcl 76-32] Installing object 'trenz.biz:xilinx_board_store:te0712_100_2c:1.0' ...
INFO: [Common 17-1570] Installing object trenz.biz:xilinx_board_store:te0712_100_2c:1.0 from remote host https://github.com/Xilinx/XilinxBoardStore.git
INFO: [Common 17-1573] Object trenz.biz:xilinx_board_store:te0712_100_2c:1.0 has been installed successfully.
INFO: [xhubtcl 76-32] Installing object 'trenz.biz:xilinx_board_store:te0712_100_2c:2.0' ...
INFO: [Common 17-1570] Installing object trenz.biz:xilinx_board_store:te0712_100_2c:2.0 from remote host https://github.com/Xilinx/XilinxBoardStore.git
INFO: [Common 17-1573] Object trenz.biz:xilinx_board_store:te0712_100_2c:2.0 has been installed successfully.
INFO: [xhubtcl 76-32] Installing object 'trenz.biz:xilinx_board_store:te0712_200_1i:1.0' ...
INFO: [Common 17-1570] Installing object trenz.biz:xilinx_board_store:te0712_200_1i:1.0 from remote host https://github.com/Xilinx/XilinxBoardStore.git
INFO: [Common 17-1573] Object trenz.biz:xilinx_board_store:te0712_200_1i:1.0 has been installed successfully.
INFO: [xhubtcl 76-32] Installing object 'trenz.biz:xilinx_board_store:te0712_200_2c:1.0' ...
INFO: [Common 17-1570] Installing object trenz.biz:xilinx_board_store:te0712_200_2c:1.0 from remote host https://github.com/Xilinx/XilinxBoardStore.git
INFO: [Common 17-1573] Object trenz.biz:xilinx_board_store:te0712_200_2c:1.0 has been installed successfully.
INFO: [xhubtcl 76-32] Installing object 'trenz.biz:xilinx_board_store:te0712_200_2i:1.0' ...
INFO: [Common 17-1570] Installing object trenz.biz:xilinx_board_store:te0712_200_2i:1.0 from remote host https://github.com/Xilinx/XilinxBoardStore.git
INFO: [Common 17-1573] Object trenz.biz:xilinx_board_store:te0712_200_2i:1.0 has been installed successfully.
INFO: [xhubtcl 76-32] Installing object 'trenz.biz:xilinx_board_store:te0712_35_2i:1.0' ...
INFO: [Common 17-1570] Installing object trenz.biz:xilinx_board_store:te0712_35_2i:1.0 from remote host https://github.com/Xilinx/XilinxBoardStore.git
INFO: [Common 17-1573] Object trenz.biz:xilinx_board_store:te0712_35_2i:1.0 has been installed successfully.
INFO: [xhubtcl 76-32] Installing object 'trenz.biz:xilinx_board_store:te0724_10_1i:1.0' ...
INFO: [Common 17-1570] Installing object trenz.biz:xilinx_board_store:te0724_10_1i:1.0 from remote host https://github.com/Xilinx/XilinxBoardStore.git
INFO: [Common 17-1573] Object trenz.biz:xilinx_board_store:te0724_10_1i:1.0 has been installed successfully.
INFO: [xhubtcl 76-32] Installing object 'trenz.biz:xilinx_board_store:te0724_20_1i:1.0' ...
INFO: [Common 17-1570] Installing object trenz.biz:xilinx_board_store:te0724_20_1i:1.0 from remote host https://github.com/Xilinx/XilinxBoardStore.git
INFO: [Common 17-1573] Object trenz.biz:xilinx_board_store:te0724_20_1i:1.0 has been installed successfully.
INFO: [xhubtcl 76-32] Installing object 'trenz.biz:xilinx_board_store:te0725_100_2c:1.0' ...
INFO: [Common 17-1570] Installing object trenz.biz:xilinx_board_store:te0725_100_2c:1.0 from remote host https://github.com/Xilinx/XilinxBoardStore.git
INFO: [Common 17-1573] Object trenz.biz:xilinx_board_store:te0725_100_2c:1.0 has been installed successfully.
INFO: [xhubtcl 76-32] Installing object 'trenz.biz:xilinx_board_store:te0725_100_2i:1.0' ...
INFO: [Common 17-1570] Installing object trenz.biz:xilinx_board_store:te0725_100_2i:1.0 from remote host https://github.com/Xilinx/XilinxBoardStore.git
INFO: [Common 17-1573] Object trenz.biz:xilinx_board_store:te0725_100_2i:1.0 has been installed successfully.
INFO: [xhubtcl 76-32] Installing object 'trenz.biz:xilinx_board_store:te0725_15_1c:1.0' ...
INFO: [Common 17-1570] Installing object trenz.biz:xilinx_board_store:te0725_15_1c:1.0 from remote host https://github.com/Xilinx/XilinxBoardStore.git
INFO: [Common 17-1573] Object trenz.biz:xilinx_board_store:te0725_15_1c:1.0 has been installed successfully.
INFO: [xhubtcl 76-32] Installing object 'trenz.biz:xilinx_board_store:te0725_35_2c:1.0' ...
INFO: [Common 17-1570] Installing object trenz.biz:xilinx_board_store:te0725_35_2c:1.0 from remote host https://github.com/Xilinx/XilinxBoardStore.git
INFO: [Common 17-1573] Object trenz.biz:xilinx_board_store:te0725_35_2c:1.0 has been installed successfully.
INFO: [xhubtcl 76-32] Installing object 'trenz.biz:xilinx_board_store:te0729_20_2i:1.0' ...
INFO: [Common 17-1570] Installing object trenz.biz:xilinx_board_store:te0729_20_2i:1.0 from remote host https://github.com/Xilinx/XilinxBoardStore.git
INFO: [Common 17-1573] Object trenz.biz:xilinx_board_store:te0729_20_2i:1.0 has been installed successfully.
INFO: [xhubtcl 76-32] Installing object 'trenz.biz:xilinx_board_store:te0729_20_2i:2.0' ...
INFO: [Common 17-1570] Installing object trenz.biz:xilinx_board_store:te0729_20_2i:2.0 from remote host https://github.com/Xilinx/XilinxBoardStore.git
INFO: [Common 17-1573] Object trenz.biz:xilinx_board_store:te0729_20_2i:2.0 has been installed successfully.
INFO: [xhubtcl 76-32] Installing object 'trenz.biz:xilinx_board_store:te0803_2cg_1e:1.0' ...
INFO: [Common 17-1570] Installing object trenz.biz:xilinx_board_store:te0803_2cg_1e:1.0 from remote host https://github.com/Xilinx/XilinxBoardStore.git
INFO: [Common 17-1573] Object trenz.biz:xilinx_board_store:te0803_2cg_1e:1.0 has been installed successfully.
INFO: [xhubtcl 76-32] Installing object 'trenz.biz:xilinx_board_store:te0803_2cg_1e_tebf0808:2.0' ...
INFO: [Common 17-1570] Installing object trenz.biz:xilinx_board_store:te0803_2cg_1e_tebf0808:2.0 from remote host https://github.com/Xilinx/XilinxBoardStore.git
INFO: [Common 17-1573] Object trenz.biz:xilinx_board_store:te0803_2cg_1e_tebf0808:2.0 has been installed successfully.
INFO: [xhubtcl 76-32] Installing object 'trenz.biz:xilinx_board_store:te0803_2eg_1e:1.0' ...
INFO: [Common 17-1570] Installing object trenz.biz:xilinx_board_store:te0803_2eg_1e:1.0 from remote host https://github.com/Xilinx/XilinxBoardStore.git
INFO: [Common 17-1573] Object trenz.biz:xilinx_board_store:te0803_2eg_1e:1.0 has been installed successfully.
INFO: [xhubtcl 76-32] Installing object 'trenz.biz:xilinx_board_store:te0803_2eg_1e_tebf0808:2.0' ...
INFO: [Common 17-1570] Installing object trenz.biz:xilinx_board_store:te0803_2eg_1e_tebf0808:2.0 from remote host https://github.com/Xilinx/XilinxBoardStore.git
INFO: [Common 17-1573] Object trenz.biz:xilinx_board_store:te0803_2eg_1e_tebf0808:2.0 has been installed successfully.
INFO: [xhubtcl 76-32] Installing object 'trenz.biz:xilinx_board_store:te0803_3cg_1e:1.0' ...
INFO: [Common 17-1570] Installing object trenz.biz:xilinx_board_store:te0803_3cg_1e:1.0 from remote host https://github.com/Xilinx/XilinxBoardStore.git
INFO: [Common 17-1573] Object trenz.biz:xilinx_board_store:te0803_3cg_1e:1.0 has been installed successfully.
INFO: [xhubtcl 76-32] Installing object 'trenz.biz:xilinx_board_store:te0803_3cg_1e_tebf0808:2.0' ...
INFO: [Common 17-1570] Installing object trenz.biz:xilinx_board_store:te0803_3cg_1e_tebf0808:2.0 from remote host https://github.com/Xilinx/XilinxBoardStore.git
INFO: [Common 17-1573] Object trenz.biz:xilinx_board_store:te0803_3cg_1e_tebf0808:2.0 has been installed successfully.
INFO: [xhubtcl 76-32] Installing object 'trenz.biz:xilinx_board_store:te0803_3eg_1e:1.0' ...
INFO: [Common 17-1570] Installing object trenz.biz:xilinx_board_store:te0803_3eg_1e:1.0 from remote host https://github.com/Xilinx/XilinxBoardStore.git
INFO: [Common 17-1573] Object trenz.biz:xilinx_board_store:te0803_3eg_1e:1.0 has been installed successfully.
INFO: [xhubtcl 76-32] Installing object 'trenz.biz:xilinx_board_store:te0803_3eg_1e_tebf0808:2.0' ...
INFO: [Common 17-1570] Installing object trenz.biz:xilinx_board_store:te0803_3eg_1e_tebf0808:2.0 from remote host https://github.com/Xilinx/XilinxBoardStore.git
INFO: [Common 17-1573] Object trenz.biz:xilinx_board_store:te0803_3eg_1e_tebf0808:2.0 has been installed successfully.
INFO: [xhubtcl 76-32] Installing object 'trenz.biz:xilinx_board_store:te0803_3eg_1e:3.0' ...
INFO: [Common 17-1570] Installing object trenz.biz:xilinx_board_store:te0803_3eg_1e:3.0 from remote host https://github.com/Xilinx/XilinxBoardStore.git
INFO: [Common 17-1573] Object trenz.biz:xilinx_board_store:te0803_3eg_1e:3.0 has been installed successfully.
INFO: [xhubtcl 76-32] Installing object 'trenz.biz:xilinx_board_store:te0803_3eg_1e_tebf0808:4.0' ...
INFO: [Common 17-1570] Installing object trenz.biz:xilinx_board_store:te0803_3eg_1e_tebf0808:4.0 from remote host https://github.com/Xilinx/XilinxBoardStore.git
INFO: [Common 17-1573] Object trenz.biz:xilinx_board_store:te0803_3eg_1e_tebf0808:4.0 has been installed successfully.
INFO: [xhubtcl 76-32] Installing object 'trenz.biz:xilinx_board_store:te0803_4cg_1e:1.0' ...
INFO: [Common 17-1570] Installing object trenz.biz:xilinx_board_store:te0803_4cg_1e:1.0 from remote host https://github.com/Xilinx/XilinxBoardStore.git
INFO: [Common 17-1573] Object trenz.biz:xilinx_board_store:te0803_4cg_1e:1.0 has been installed successfully.
INFO: [xhubtcl 76-32] Installing object 'trenz.biz:xilinx_board_store:te0803_4cg_1e_tebf0808:2.0' ...
INFO: [Common 17-1570] Installing object trenz.biz:xilinx_board_store:te0803_4cg_1e_tebf0808:2.0 from remote host https://github.com/Xilinx/XilinxBoardStore.git
INFO: [Common 17-1573] Object trenz.biz:xilinx_board_store:te0803_4cg_1e_tebf0808:2.0 has been installed successfully.
INFO: [xhubtcl 76-32] Installing object 'trenz.biz:xilinx_board_store:te0803_4eg_1e:1.0' ...
INFO: [Common 17-1570] Installing object trenz.biz:xilinx_board_store:te0803_4eg_1e:1.0 from remote host https://github.com/Xilinx/XilinxBoardStore.git
INFO: [Common 17-1573] Object trenz.biz:xilinx_board_store:te0803_4eg_1e:1.0 has been installed successfully.
INFO: [xhubtcl 76-32] Installing object 'trenz.biz:xilinx_board_store:te0803_4eg_1e_tebf0808:2.0' ...
INFO: [Common 17-1570] Installing object trenz.biz:xilinx_board_store:te0803_4eg_1e_tebf0808:2.0 from remote host https://github.com/Xilinx/XilinxBoardStore.git
INFO: [Common 17-1573] Object trenz.biz:xilinx_board_store:te0803_4eg_1e_tebf0808:2.0 has been installed successfully.
INFO: [xhubtcl 76-32] Installing object 'trenz.biz:xilinx_board_store:te0803_4ev_1e:1.0' ...
INFO: [Common 17-1570] Installing object trenz.biz:xilinx_board_store:te0803_4ev_1e:1.0 from remote host https://github.com/Xilinx/XilinxBoardStore.git
INFO: [Common 17-1573] Object trenz.biz:xilinx_board_store:te0803_4ev_1e:1.0 has been installed successfully.
INFO: [xhubtcl 76-32] Installing object 'trenz.biz:xilinx_board_store:te0803_4ev_1e_tebf0808:2.0' ...
INFO: [Common 17-1570] Installing object trenz.biz:xilinx_board_store:te0803_4ev_1e_tebf0808:2.0 from remote host https://github.com/Xilinx/XilinxBoardStore.git
INFO: [Common 17-1573] Object trenz.biz:xilinx_board_store:te0803_4ev_1e_tebf0808:2.0 has been installed successfully.
INFO: [xhubtcl 76-32] Installing object 'trenz.biz:xilinx_board_store:te0803_5ev_1e:1.0' ...
INFO: [Common 17-1570] Installing object trenz.biz:xilinx_board_store:te0803_5ev_1e:1.0 from remote host https://github.com/Xilinx/XilinxBoardStore.git
INFO: [Common 17-1573] Object trenz.biz:xilinx_board_store:te0803_5ev_1e:1.0 has been installed successfully.
INFO: [xhubtcl 76-32] Installing object 'trenz.biz:xilinx_board_store:te0803_5ev_1e_tebf0808:2.0' ...
INFO: [Common 17-1570] Installing object trenz.biz:xilinx_board_store:te0803_5ev_1e_tebf0808:2.0 from remote host https://github.com/Xilinx/XilinxBoardStore.git
INFO: [Common 17-1573] Object trenz.biz:xilinx_board_store:te0803_5ev_1e_tebf0808:2.0 has been installed successfully.
INFO: [xhubtcl 76-32] Installing object 'trenz.biz:xilinx_board_store:te0803_5ev_1i:1.0' ...
INFO: [Common 17-1570] Installing object trenz.biz:xilinx_board_store:te0803_5ev_1i:1.0 from remote host https://github.com/Xilinx/XilinxBoardStore.git
INFO: [Common 17-1573] Object trenz.biz:xilinx_board_store:te0803_5ev_1i:1.0 has been installed successfully.
INFO: [xhubtcl 76-32] Installing object 'trenz.biz:xilinx_board_store:te0803_5ev_1i_tebf0808:2.0' ...
INFO: [Common 17-1570] Installing object trenz.biz:xilinx_board_store:te0803_5ev_1i_tebf0808:2.0 from remote host https://github.com/Xilinx/XilinxBoardStore.git
INFO: [Common 17-1573] Object trenz.biz:xilinx_board_store:te0803_5ev_1i_tebf0808:2.0 has been installed successfully.
INFO: [xhubtcl 76-32] Installing object 'trenz.biz:xilinx_board_store:te0808_15eg_1e:3.0' ...
INFO: [Common 17-1570] Installing object trenz.biz:xilinx_board_store:te0808_15eg_1e:3.0 from remote host https://github.com/Xilinx/XilinxBoardStore.git
INFO: [Common 17-1573] Object trenz.biz:xilinx_board_store:te0808_15eg_1e:3.0 has been installed successfully.
INFO: [xhubtcl 76-32] Installing object 'trenz.biz:xilinx_board_store:te0808_15eg_1e_tebf0808:4.0' ...
INFO: [Common 17-1570] Installing object trenz.biz:xilinx_board_store:te0808_15eg_1e_tebf0808:4.0 from remote host https://github.com/Xilinx/XilinxBoardStore.git
INFO: [Common 17-1573] Object trenz.biz:xilinx_board_store:te0808_15eg_1e_tebf0808:4.0 has been installed successfully.
INFO: [xhubtcl 76-32] Installing object 'trenz.biz:xilinx_board_store:te0808_6eg_1e:3.0' ...
INFO: [Common 17-1570] Installing object trenz.biz:xilinx_board_store:te0808_6eg_1e:3.0 from remote host https://github.com/Xilinx/XilinxBoardStore.git
INFO: [Common 17-1573] Object trenz.biz:xilinx_board_store:te0808_6eg_1e:3.0 has been installed successfully.
INFO: [xhubtcl 76-32] Installing object 'trenz.biz:xilinx_board_store:te0808_6eg_1e_tebf0808:4.0' ...
INFO: [Common 17-1570] Installing object trenz.biz:xilinx_board_store:te0808_6eg_1e_tebf0808:4.0 from remote host https://github.com/Xilinx/XilinxBoardStore.git
INFO: [Common 17-1573] Object trenz.biz:xilinx_board_store:te0808_6eg_1e_tebf0808:4.0 has been installed successfully.
INFO: [xhubtcl 76-32] Installing object 'trenz.biz:xilinx_board_store:te0808_9eg_1e:1.0' ...
INFO: [Common 17-1570] Installing object trenz.biz:xilinx_board_store:te0808_9eg_1e:1.0 from remote host https://github.com/Xilinx/XilinxBoardStore.git
INFO: [Common 17-1573] Object trenz.biz:xilinx_board_store:te0808_9eg_1e:1.0 has been installed successfully.
INFO: [xhubtcl 76-32] Installing object 'trenz.biz:xilinx_board_store:te0808_9eg_1e_tebf0808:2.0' ...
INFO: [Common 17-1570] Installing object trenz.biz:xilinx_board_store:te0808_9eg_1e_tebf0808:2.0 from remote host https://github.com/Xilinx/XilinxBoardStore.git
INFO: [Common 17-1573] Object trenz.biz:xilinx_board_store:te0808_9eg_1e_tebf0808:2.0 has been installed successfully.
INFO: [xhubtcl 76-32] Installing object 'trenz.biz:xilinx_board_store:te0808_9eg_1e:3.0' ...
INFO: [Common 17-1570] Installing object trenz.biz:xilinx_board_store:te0808_9eg_1e:3.0 from remote host https://github.com/Xilinx/XilinxBoardStore.git
INFO: [Common 17-1573] Object trenz.biz:xilinx_board_store:te0808_9eg_1e:3.0 has been installed successfully.
INFO: [xhubtcl 76-32] Installing object 'trenz.biz:xilinx_board_store:te0808_9eg_1e_tebf0808:4.0' ...
INFO: [Common 17-1570] Installing object trenz.biz:xilinx_board_store:te0808_9eg_1e_tebf0808:4.0 from remote host https://github.com/Xilinx/XilinxBoardStore.git
INFO: [Common 17-1573] Object trenz.biz:xilinx_board_store:te0808_9eg_1e_tebf0808:4.0 has been installed successfully.
INFO: [xhubtcl 76-32] Installing object 'trenz.biz:xilinx_board_store:te0808_9eg_2i:3.0' ...
INFO: [Common 17-1570] Installing object trenz.biz:xilinx_board_store:te0808_9eg_2i:3.0 from remote host https://github.com/Xilinx/XilinxBoardStore.git
INFO: [Common 17-1573] Object trenz.biz:xilinx_board_store:te0808_9eg_2i:3.0 has been installed successfully.
INFO: [xhubtcl 76-32] Installing object 'trenz.biz:xilinx_board_store:te0808_9eg_2i_tebf0808:4.0' ...
INFO: [Common 17-1570] Installing object trenz.biz:xilinx_board_store:te0808_9eg_2i_tebf0808:4.0 from remote host https://github.com/Xilinx/XilinxBoardStore.git
INFO: [Common 17-1573] Object trenz.biz:xilinx_board_store:te0808_9eg_2i_tebf0808:4.0 has been installed successfully.
INFO: [xhubtcl 76-32] Installing object 'trenz.biz:xilinx_board_store:te0820_2cg_1e:1.0' ...
INFO: [Common 17-1570] Installing object trenz.biz:xilinx_board_store:te0820_2cg_1e:1.0 from remote host https://github.com/Xilinx/XilinxBoardStore.git
INFO: [Common 17-1573] Object trenz.biz:xilinx_board_store:te0820_2cg_1e:1.0 has been installed successfully.
INFO: [xhubtcl 76-32] Installing object 'trenz.biz:xilinx_board_store:te0820_2eg_1e:1.0' ...
INFO: [Common 17-1570] Installing object trenz.biz:xilinx_board_store:te0820_2eg_1e:1.0 from remote host https://github.com/Xilinx/XilinxBoardStore.git
INFO: [Common 17-1573] Object trenz.biz:xilinx_board_store:te0820_2eg_1e:1.0 has been installed successfully.
INFO: [xhubtcl 76-32] Installing object 'trenz.biz:xilinx_board_store:te0820_2eg_1e:2.0' ...
INFO: [Common 17-1570] Installing object trenz.biz:xilinx_board_store:te0820_2eg_1e:2.0 from remote host https://github.com/Xilinx/XilinxBoardStore.git
INFO: [Common 17-1573] Object trenz.biz:xilinx_board_store:te0820_2eg_1e:2.0 has been installed successfully.
INFO: [xhubtcl 76-32] Installing object 'trenz.biz:xilinx_board_store:te0820_3cg_1e:1.0' ...
INFO: [Common 17-1570] Installing object trenz.biz:xilinx_board_store:te0820_3cg_1e:1.0 from remote host https://github.com/Xilinx/XilinxBoardStore.git
INFO: [Common 17-1573] Object trenz.biz:xilinx_board_store:te0820_3cg_1e:1.0 has been installed successfully.
INFO: [xhubtcl 76-32] Installing object 'trenz.biz:xilinx_board_store:te0820_3eg_1e:1.0' ...
INFO: [Common 17-1570] Installing object trenz.biz:xilinx_board_store:te0820_3eg_1e:1.0 from remote host https://github.com/Xilinx/XilinxBoardStore.git
INFO: [Common 17-1573] Object trenz.biz:xilinx_board_store:te0820_3eg_1e:1.0 has been installed successfully.
INFO: [xhubtcl 76-32] Installing object 'trenz.biz:xilinx_board_store:te0820_4cg_1e:1.0' ...
INFO: [Common 17-1570] Installing object trenz.biz:xilinx_board_store:te0820_4cg_1e:1.0 from remote host https://github.com/Xilinx/XilinxBoardStore.git
INFO: [Common 17-1573] Object trenz.biz:xilinx_board_store:te0820_4cg_1e:1.0 has been installed successfully.
INFO: [xhubtcl 76-32] Installing object 'trenz.biz:xilinx_board_store:teb0911_9eg_1e:1.0' ...
INFO: [Common 17-1570] Installing object trenz.biz:xilinx_board_store:teb0911_9eg_1e:1.0 from remote host https://github.com/Xilinx/XilinxBoardStore.git
INFO: [Common 17-1573] Object trenz.biz:xilinx_board_store:teb0911_9eg_1e:1.0 has been installed successfully.
INFO: [xhubtcl 76-32] Installing object 'trenz.biz:xilinx_board_store:tec0850_15eg_1e:1.0' ...
INFO: [Common 17-1570] Installing object trenz.biz:xilinx_board_store:tec0850_15eg_1e:1.0 from remote host https://github.com/Xilinx/XilinxBoardStore.git
INFO: [Common 17-1573] Object trenz.biz:xilinx_board_store:tec0850_15eg_1e:1.0 has been installed successfully.
INFO: [xhubtcl 76-32] Installing object 'tul.com.tw:xilinx_board_store:pynqzu:1.1' ...
INFO: [Common 17-1570] Installing object tul.com.tw:xilinx_board_store:pynqzu:1.1 from remote host https://github.com/Xilinx/XilinxBoardStore.git
INFO: [Common 17-1573] Object tul.com.tw:xilinx_board_store:pynqzu:1.1 has been installed successfully.
INFO: [xhubtcl 76-32] Installing object 'trenz.biz:xilinx_board_store:te0710_02_100_2c:1.0' ...
INFO: [Common 17-1570] Installing object trenz.biz:xilinx_board_store:te0710_02_100_2c:1.0 from remote host https://github.com/Xilinx/XilinxBoardStore.git
INFO: [Common 17-1573] Object trenz.biz:xilinx_board_store:te0710_02_100_2c:1.0 has been installed successfully.
INFO: [xhubtcl 76-32] Installing object 'trenz.biz:xilinx_board_store:te0710_02_100_2i:1.0' ...
INFO: [Common 17-1570] Installing object trenz.biz:xilinx_board_store:te0710_02_100_2i:1.0 from remote host https://github.com/Xilinx/XilinxBoardStore.git
INFO: [Common 17-1573] Object trenz.biz:xilinx_board_store:te0710_02_100_2i:1.0 has been installed successfully.
INFO: [xhubtcl 76-32] Installing object 'trenz.biz:xilinx_board_store:te0710_02_35_2c:1.0' ...
INFO: [Common 17-1570] Installing object trenz.biz:xilinx_board_store:te0710_02_35_2c:1.0 from remote host https://github.com/Xilinx/XilinxBoardStore.git
INFO: [Common 17-1573] Object trenz.biz:xilinx_board_store:te0710_02_35_2c:1.0 has been installed successfully.
INFO: [xhubtcl 76-32] Installing object 'trenz.biz:xilinx_board_store:te0710_02_35_2i:1.0' ...
INFO: [Common 17-1570] Installing object trenz.biz:xilinx_board_store:te0710_02_35_2i:1.0 from remote host https://github.com/Xilinx/XilinxBoardStore.git
INFO: [Common 17-1573] Object trenz.biz:xilinx_board_store:te0710_02_35_2i:1.0 has been installed successfully.
INFO: [xhubtcl 76-32] Installing object 'trenz.biz:xilinx_board_store:te0711_100_2c:1.0' ...
INFO: [Common 17-1570] Installing object trenz.biz:xilinx_board_store:te0711_100_2c:1.0 from remote host https://github.com/Xilinx/XilinxBoardStore.git
INFO: [Common 17-1573] Object trenz.biz:xilinx_board_store:te0711_100_2c:1.0 has been installed successfully.
INFO: [xhubtcl 76-32] Installing object 'trenz.biz:xilinx_board_store:te0711_100_2i:1.0' ...
INFO: [Common 17-1570] Installing object trenz.biz:xilinx_board_store:te0711_100_2i:1.0 from remote host https://github.com/Xilinx/XilinxBoardStore.git
INFO: [Common 17-1573] Object trenz.biz:xilinx_board_store:te0711_100_2i:1.0 has been installed successfully.
INFO: [xhubtcl 76-32] Installing object 'trenz.biz:xilinx_board_store:te0711_35_2c:1.0' ...
INFO: [Common 17-1570] Installing object trenz.biz:xilinx_board_store:te0711_35_2c:1.0 from remote host https://github.com/Xilinx/XilinxBoardStore.git
INFO: [Common 17-1573] Object trenz.biz:xilinx_board_store:te0711_35_2c:1.0 has been installed successfully.
INFO: [xhubtcl 76-32] Installing object 'trenz.biz:xilinx_board_store:te0711_35_2i:1.0' ...
INFO: [Common 17-1570] Installing object trenz.biz:xilinx_board_store:te0711_35_2i:1.0 from remote host https://github.com/Xilinx/XilinxBoardStore.git
INFO: [Common 17-1573] Object trenz.biz:xilinx_board_store:te0711_35_2i:1.0 has been installed successfully.
INFO: [xhubtcl 76-32] Installing object 'trenz.biz:xilinx_board_store:te0713_100_2c:1.0' ...
INFO: [Common 17-1570] Installing object trenz.biz:xilinx_board_store:te0713_100_2c:1.0 from remote host https://github.com/Xilinx/XilinxBoardStore.git
INFO: [Common 17-1573] Object trenz.biz:xilinx_board_store:te0713_100_2c:1.0 has been installed successfully.
INFO: [xhubtcl 76-32] Installing object 'trenz.biz:xilinx_board_store:te0713_200_2c:1.0' ...
INFO: [Common 17-1570] Installing object trenz.biz:xilinx_board_store:te0713_200_2c:1.0 from remote host https://github.com/Xilinx/XilinxBoardStore.git
INFO: [Common 17-1573] Object trenz.biz:xilinx_board_store:te0713_200_2c:1.0 has been installed successfully.
INFO: [xhubtcl 76-32] Installing object 'trenz.biz:xilinx_board_store:te0715_12s_1c:1.1' ...
INFO: [Common 17-1570] Installing object trenz.biz:xilinx_board_store:te0715_12s_1c:1.1 from remote host https://github.com/Xilinx/XilinxBoardStore.git
INFO: [Common 17-1573] Object trenz.biz:xilinx_board_store:te0715_12s_1c:1.1 has been installed successfully.
INFO: [xhubtcl 76-32] Installing object 'trenz.biz:xilinx_board_store:te0715_15_1c:1.0' ...
INFO: [Common 17-1570] Installing object trenz.biz:xilinx_board_store:te0715_15_1c:1.0 from remote host https://github.com/Xilinx/XilinxBoardStore.git
INFO: [Common 17-1573] Object trenz.biz:xilinx_board_store:te0715_15_1c:1.0 has been installed successfully.
INFO: [xhubtcl 76-32] Installing object 'trenz.biz:xilinx_board_store:te0715_15_1c:1.1' ...
INFO: [Common 17-1570] Installing object trenz.biz:xilinx_board_store:te0715_15_1c:1.1 from remote host https://github.com/Xilinx/XilinxBoardStore.git
INFO: [Common 17-1573] Object trenz.biz:xilinx_board_store:te0715_15_1c:1.1 has been installed successfully.
INFO: [xhubtcl 76-32] Installing object 'trenz.biz:xilinx_board_store:te0715_15_1i:1.0' ...
INFO: [Common 17-1570] Installing object trenz.biz:xilinx_board_store:te0715_15_1i:1.0 from remote host https://github.com/Xilinx/XilinxBoardStore.git
INFO: [Common 17-1573] Object trenz.biz:xilinx_board_store:te0715_15_1i:1.0 has been installed successfully.
INFO: [xhubtcl 76-32] Installing object 'trenz.biz:xilinx_board_store:te0715_15_1i:1.1' ...
INFO: [Common 17-1570] Installing object trenz.biz:xilinx_board_store:te0715_15_1i:1.1 from remote host https://github.com/Xilinx/XilinxBoardStore.git
INFO: [Common 17-1573] Object trenz.biz:xilinx_board_store:te0715_15_1i:1.1 has been installed successfully.
INFO: [xhubtcl 76-32] Installing object 'trenz.biz:xilinx_board_store:te0715_15_2i:1.0' ...
INFO: [Common 17-1570] Installing object trenz.biz:xilinx_board_store:te0715_15_2i:1.0 from remote host https://github.com/Xilinx/XilinxBoardStore.git
INFO: [Common 17-1573] Object trenz.biz:xilinx_board_store:te0715_15_2i:1.0 has been installed successfully.
INFO: [xhubtcl 76-32] Installing object 'trenz.biz:xilinx_board_store:te0715_15_2i:1.1' ...
INFO: [Common 17-1570] Installing object trenz.biz:xilinx_board_store:te0715_15_2i:1.1 from remote host https://github.com/Xilinx/XilinxBoardStore.git
INFO: [Common 17-1573] Object trenz.biz:xilinx_board_store:te0715_15_2i:1.1 has been installed successfully.
INFO: [xhubtcl 76-32] Installing object 'trenz.biz:xilinx_board_store:te0715_30_1c:1.0' ...
INFO: [Common 17-1570] Installing object trenz.biz:xilinx_board_store:te0715_30_1c:1.0 from remote host https://github.com/Xilinx/XilinxBoardStore.git
INFO: [Common 17-1573] Object trenz.biz:xilinx_board_store:te0715_30_1c:1.0 has been installed successfully.
INFO: [xhubtcl 76-32] Installing object 'trenz.biz:xilinx_board_store:te0715_30_1c:1.1' ...
INFO: [Common 17-1570] Installing object trenz.biz:xilinx_board_store:te0715_30_1c:1.1 from remote host https://github.com/Xilinx/XilinxBoardStore.git
INFO: [Common 17-1573] Object trenz.biz:xilinx_board_store:te0715_30_1c:1.1 has been installed successfully.
INFO: [xhubtcl 76-32] Installing object 'trenz.biz:xilinx_board_store:te0715_30_1i:1.0' ...
INFO: [Common 17-1570] Installing object trenz.biz:xilinx_board_store:te0715_30_1i:1.0 from remote host https://github.com/Xilinx/XilinxBoardStore.git
INFO: [Common 17-1573] Object trenz.biz:xilinx_board_store:te0715_30_1i:1.0 has been installed successfully.
INFO: [xhubtcl 76-32] Installing object 'trenz.biz:xilinx_board_store:te0715_30_1i:1.1' ...
INFO: [Common 17-1570] Installing object trenz.biz:xilinx_board_store:te0715_30_1i:1.1 from remote host https://github.com/Xilinx/XilinxBoardStore.git
INFO: [Common 17-1573] Object trenz.biz:xilinx_board_store:te0715_30_1i:1.1 has been installed successfully.
INFO: [xhubtcl 76-32] Installing object 'trenz.biz:xilinx_board_store:te0715_30_3e:1.0' ...
INFO: [Common 17-1570] Installing object trenz.biz:xilinx_board_store:te0715_30_3e:1.0 from remote host https://github.com/Xilinx/XilinxBoardStore.git
INFO: [Common 17-1573] Object trenz.biz:xilinx_board_store:te0715_30_3e:1.0 has been installed successfully.
INFO: [xhubtcl 76-32] Installing object 'trenz.biz:xilinx_board_store:te0715_30_3e:1.1' ...
INFO: [Common 17-1570] Installing object trenz.biz:xilinx_board_store:te0715_30_3e:1.1 from remote host https://github.com/Xilinx/XilinxBoardStore.git
INFO: [Common 17-1573] Object trenz.biz:xilinx_board_store:te0715_30_3e:1.1 has been installed successfully.
INFO: [xhubtcl 76-32] Installing object 'trenz.biz:xilinx_board_store:te0716_20_1c:1.0' ...
INFO: [Common 17-1570] Installing object trenz.biz:xilinx_board_store:te0716_20_1c:1.0 from remote host https://github.com/Xilinx/XilinxBoardStore.git
INFO: [Common 17-1573] Object trenz.biz:xilinx_board_store:te0716_20_1c:1.0 has been installed successfully.
INFO: [xhubtcl 76-32] Installing object 'trenz.biz:xilinx_board_store:te0725lp_100_2c:1.0' ...
INFO: [Common 17-14] Message 'xhubtcl 76-32' appears 100 times and further instances of the messages will be disabled. Use the Tcl command set_msg_config to change the current settings.
INFO: [Common 17-1570] Installing object trenz.biz:xilinx_board_store:te0725lp_100_2c:1.0 from remote host https://github.com/Xilinx/XilinxBoardStore.git
INFO: [Common 17-14] Message 'Common 17-1570' appears 100 times and further instances of the messages will be disabled. Use the Tcl command set_msg_config to change the current settings.
INFO: [Common 17-1573] Object trenz.biz:xilinx_board_store:te0725lp_100_2c:1.0 has been installed successfully.
INFO: [Common 17-14] Message 'Common 17-1573' appears 100 times and further instances of the messages will be disabled. Use the Tcl command set_msg_config to change the current settings.
INFO: [xhubtcl 76-61] The object 'xilinx.com:Vivado_example_project:MPSoC_ext_platform:1.0' is already installed, to update use xhub::update command.
INFO: [xhubtcl 76-61] The object 'xilinx.com:Vivado_example_project:MPSoC_ext_platform_part:1.0' is already installed, to update use xhub::update command.
INFO: [xhubtcl 76-61] The object 'xilinx.com:Vivado_example_project:mb_preset:1.0' is already installed, to update use xhub::update command.
INFO: [xhubtcl 76-61] The object 'xilinx.com:Vivado_example_project:TMR_Microblaze:1.0' is already installed, to update use xhub::update command.
INFO: [xhubtcl 76-61] The object 'xilinx.com:Vivado_example_project:axidma:1.0' is already installed, to update use xhub::update command.
INFO: [xhubtcl 76-61] The object 'xilinx.com:Vivado_example_project:multirategty:1.0' is already installed, to update use xhub::update command.
INFO: [xhubtcl 76-61] The object 'xilinx.com:Vivado_example_project:ver_ps_perf:1.0' is already installed, to update use xhub::update command.
INFO: [xhubtcl 76-61] The object 'xilinx.com:Vivado_example_project:Versal_CPM_PCIe_Debug:1.0' is already installed, to update use xhub::update command.
INFO: [xhubtcl 76-61] The object 'xilinx.com:Vivado_example_project:Versal_CPM_Tandem PCIe:1.0' is already installed, to update use xhub::update command.
INFO: [xhubtcl 76-61] The object 'xilinx.com:Vivado_example_project:ext_platform:1.0' is already installed, to update use xhub::update command.
INFO: [xhubtcl 76-61] The object 'xilinx.com:Vivado_example_project:ext_platform_part:1.0' is already installed, to update use xhub::update command.
INFO: [xhubtcl 76-61] The object 'xilinx.com:Vivado_example_project:mpsoc_preset:1.0' is already installed, to update use xhub::update command.
INFO: [Common 17-14] Message 'xhubtcl 76-61' appears 100 times and further instances of the messages will be disabled. Use the Tcl command set_msg_config to change the current settings.
xhub::install: Time (s): cpu = 00:00:07 ; elapsed = 00:04:56 . Memory (MB): peak = 1262.781 ; gain = 0.000 ; free physical = 291671 ; free virtual = 362943
exit
INFO: [Common 17-206] Exiting Vivado at Tue Mar 26 14:09:50 2024...
